0 info it worked if it ends with ok
1 verbose cli [ 'C:\\Program Files\\nodejs\\node.exe',
1 verbose cli   'C:\\Users\\Eran\\AppData\\Roaming\\npm\\node_modules\\npm\\bin\\npm-cli.js',
1 verbose cli   'start' ]
2 info using npm@4.0.2
3 info using node@v6.11.4
4 verbose run-script [ 'prestart', 'start', 'poststart' ]
5 info lifecycle myLocations@0.1.0~prestart: myLocations@0.1.0
6 silly lifecycle myLocations@0.1.0~prestart: no script for prestart, continuing
7 info lifecycle myLocations@0.1.0~start: myLocations@0.1.0
8 verbose lifecycle myLocations@0.1.0~start: unsafe-perm in lifecycle true
9 verbose lifecycle myLocations@0.1.0~start: PATH: C:\Users\Eran\AppData\Roaming\npm\node_modules\npm\bin\node-gyp-bin;D:\Code\react\web\myLocations\node_modules\.bin;C:\Program Files (x86)\PHP\v7.1;C:\WINDOWS\system32\inetsrv;P:\Java\jdk1.8.0_25\bin\;C:\ProgramData\Oracle\Java\javapath;C:\WINDOWS\system32;C:\WINDOWS;C:\WINDOWS\System32\Wbem;C:\WINDOWS\System32\WindowsPowerShell\v1.0\;P:\php-5.6.3\;P:\php-5.6.3\ext;C:\Program Files\Microsoft SQL Server\110\Tools\Binn\;C:\Program Files\Microsoft SQL Server\120\Tools\Binn\;C:\Program Files\Microsoft\Web Platform Installer\;C:\Program Files (x86)\MySQL\MySQL Fabric 1.5.3 & MySQL Utilities 1.5.3 1.5\;C:\Program Files (x86)\MySQL\MySQL Fabric 1.5.3 & MySQL Utilities 1.5.3 1.5\Doctrine extensions for PHP\;P:\MongoDB\Server\3.0\bin\bin\;P:\MongoDB\data\db;C:\Python27\;C:\Program Files (x86)\NVIDIA Corporation\PhysX\Common;C:\WINDOWS\system32;C:\WINDOWS;C:\WINDOWS\System32\Wbem;C:\WINDOWS\System32\WindowsPowerShell\v1.0\;C:\Program Files\Microsoft SQL Server\130\Tools\Binn\;P:\Git\cmd;P:\Yarn\bin;C:\Program Files (x86)\GtkSharp\2.12\bin;C:\Program Files\MySQL\MySQL Server 5.6\bin;C:\Program Files (x86)\Windows Kits\10\W;C:\Program Files\dotnet\;C:\Program Files\nodejs\;P:\Ruby22-x64\bin;C:\Users\Eran\AppData\Local\Microsoft\WindowsApps;P:\AppData\Local\Android\sdk\tools;P:\AppData\Local\Android\sdk\android-sdk\tools;P:\AppData\Local\Android\sdk\platform-tools;C:\Users\Eran\AppData\Local\Yarn\.bin;C:\Users\Eran\AppData\Roaming\npm;P:\Microsoft VS Code\bin
10 verbose lifecycle myLocations@0.1.0~start: CWD: D:\Code\react\web\myLocations
11 silly lifecycle myLocations@0.1.0~start: Args: [ '/d /s /c', 'react-scripts start' ]
12 verbose stack Error: kill ENOSYS
12 verbose stack     at Object.exports._errnoException (util.js:1020:11)
12 verbose stack     at process.kill (internal/process.js:191:18)
12 verbose stack     at process.listener (C:\Users\Eran\AppData\Roaming\npm\node_modules\npm\node_modules\npmlog\node_modules\gauge\node_modules\signal-exit\index.js:86:15)
12 verbose stack     at emitNone (events.js:91:20)
12 verbose stack     at process.emit (events.js:185:7)
12 verbose stack     at processEmit (C:\Users\Eran\AppData\Roaming\npm\node_modules\npm\node_modules\npmlog\node_modules\gauge\node_modules\signal-exit\index.js:146:32)
12 verbose stack     at processEmit (C:\Users\Eran\AppData\Roaming\npm\node_modules\npm\node_modules\npm-registry-client\node_modules\npmlog\node_modules\gauge\node_modules\signal-exit\index.js:146:32)
12 verbose stack     at Signal.wrap.onsignal (internal/process.js:217:44)
13 verbose cwd D:\Code\react\web\myLocations
14 error Windows_NT 10.0.15063
15 error argv "C:\\Program Files\\nodejs\\node.exe" "C:\\Users\\Eran\\AppData\\Roaming\\npm\\node_modules\\npm\\bin\\npm-cli.js" "start"
16 error node v6.11.4
17 error npm  v4.0.2
18 error code ENOSYS
19 error errno ENOSYS
20 error syscall kill
21 error kill ENOSYS
22 error If you need help, you may report this error at:
22 error     <https://github.com/npm/npm/issues>
23 verbose exit [ 1, true ]
